# JRE version: Java(TM) SE Runtime Environment (17.0.1+12) (build 17.0.1+12-LTS-39)
# Java VM: Java HotSpot(TM) 64-Bit Server VM (17.0.1+12-LTS-39, mixed mode, emulated-client, sharing, tiered, compressed oops, compressed class ptrs, g1 gc, windows-amd64)
GC Precious Log:
 CPUs: 4 total, 4 available
 Memory: 3968M
 Large Page Support: Disabled
 NUMA Support: Disabled
 Compressed Oops: Enabled (32-bit)
 Heap Region Size: 1M
 Heap Min Capacity: 8M
 Heap Initial Capacity: 64M
 Heap Max Capacity: 994M
 Pre-touch: Disabled
 Parallel Workers: 4
 Concurrent Workers: 1
 Concurrent Refinement Workers: 4
 Periodic GC: Disabled
Heap:
 garbage-first heap   total 75776K, used 41210K [0x00000000c1e00000, 0x0000000100000000)
  region size 1024K, 4 young (4096K), 4 survivors (4096K)
 Metaspace       used 61833K, committed 62272K, reserved 1105920K
  class space    used 8752K, committed 8960K, reserved 1048576K
GC Heap History (20 events):
Event: 15.383 GC heap after
{Heap after GC invocations=14 (full 0):
 garbage-first heap   total 51200K, used 19251K [0x00000000c1e00000, 0x0000000100000000)
  region size 1024K, 2 young (2048K), 2 survivors (2048K)
 Metaspace       used 29987K, committed 30400K, reserved 1081344K
  class space    used 4197K, committed 4416K, reserved 1048576K
}
Event: 15.391 GC heap before
{Heap before GC invocations=14 (full 0):
 garbage-first heap   total 51200K, used 39731K [0x00000000c1e00000, 0x0000000100000000)
  region size 1024K, 23 young (23552K), 2 survivors (2048K)
 Metaspace       used 29987K, committed 30400K, reserved 1081344K
  class space    used 4197K, committed 4416K, reserved 1048576K
}
Event: 15.395 GC heap after
{Heap after GC invocations=15 (full 0):
 garbage-first heap   total 102400K, used 19297K [0x00000000c1e00000, 0x0000000100000000)
  region size 1024K, 1 young (1024K), 1 survivors (1024K)
 Metaspace       used 29987K, committed 30400K, reserved 1081344K
  class space    used 4197K, committed 4416K, reserved 1048576K
}
Event: 17.131 GC heap before
{Heap before GC invocations=15 (full 0):
 garbage-first heap   total 102400K, used 64353K [0x00000000c1e00000, 0x0000000100000000)
  region size 1024K, 47 young (48128K), 1 survivors (1024K)
 Metaspace       used 35621K, committed 35968K, reserved 1081344K
  class space    used 5135K, committed 5312K, reserved 1048576K
}
Event: 17.140 GC heap after
{Heap after GC invocations=16 (full 0):
 garbage-first heap   total 102400K, used 20777K [0x00000000c1e00000, 0x0000000100000000)
  region size 1024K, 2 young (2048K), 2 survivors (2048K)
 Metaspace       used 35621K, committed 35968K, reserved 1081344K
  class space    used 5135K, committed 5312K, reserved 1048576K
}
Event: 19.101 GC heap before
{Heap before GC invocations=17 (full 0):
 garbage-first heap   total 75776K, used 63785K [0x00000000c1e00000, 0x0000000100000000)
  region size 1024K, 44 young (45056K), 2 survivors (2048K)
 Metaspace       used 45595K, committed 45952K, reserved 1089536K
  class space    used 6407K, committed 6592K, reserved 1048576K
}
Event: 19.113 GC heap after
{Heap after GC invocations=18 (full 0):
 garbage-first heap   total 75776K, used 23919K [0x00000000c1e00000, 0x0000000100000000)
  region size 1024K, 5 young (5120K), 5 survivors (5120K)
 Metaspace       used 45595K, committed 45952K, reserved 1089536K
  class space    used 6407K, committed 6592K, reserved 1048576K
}
Event: 20.615 GC heap before
{Heap before GC invocations=18 (full 0):
 garbage-first heap   total 75776K, used 60783K [0x00000000c1e00000, 0x0000000100000000)
  region size 1024K, 41 young (41984K), 5 survivors (5120K)
 Metaspace       used 51685K, committed 52032K, reserved 1097728K
  class space    used 7387K, committed 7552K, reserved 1048576K
}
Event: 20.625 GC heap after
{Heap after GC invocations=19 (full 0):
 garbage-first heap   total 75776K, used 25609K [0x00000000c1e00000, 0x0000000100000000)
  region size 1024K, 2 young (2048K), 2 survivors (2048K)
 Metaspace       used 51685K, committed 52032K, reserved 1097728K
  class space    used 7387K, committed 7552K, reserved 1048576K
}
Event: 21.783 GC heap before
{Heap before GC invocations=19 (full 0):
 garbage-first heap   total 75776K, used 61449K [0x00000000c1e00000, 0x0000000100000000)
  region size 1024K, 37 young (37888K), 2 survivors (2048K)
 Metaspace       used 56060K, committed 56448K, reserved 1097728K
  class space    used 8012K, committed 8192K, reserved 1048576K
}
Event: 21.790 GC heap after
{Heap after GC invocations=20 (full 0):
 garbage-first heap   total 75776K, used 27594K [0x00000000c1e00000, 0x0000000100000000)
  region size 1024K, 4 young (4096K), 4 survivors (4096K)
 Metaspace       used 56060K, committed 56448K, reserved 1097728K
  class space    used 8012K, committed 8192K, reserved 1048576K
}
Event: 22.218 GC heap before
{Heap before GC invocations=20 (full 0):
 garbage-first heap   total 75776K, used 61386K [0x00000000c1e00000, 0x0000000100000000)
  region size 1024K, 37 young (37888K), 4 survivors (4096K)
 Metaspace       used 57763K, committed 58176K, reserved 1105920K
  class space    used 8200K, committed 8384K, reserved 1048576K
}
Event: 22.231 GC heap after
{Heap after GC invocations=21 (full 0):
 garbage-first heap   total 75776K, used 29050K [0x00000000c1e00000, 0x0000000100000000)
  region size 1024K, 4 young (4096K), 4 survivors (4096K)
 Metaspace       used 57763K, committed 58176K, reserved 1105920K
  class space    used 8200K, committed 8384K, reserved 1048576K
}
Event: 22.722 GC heap before
{Heap before GC invocations=21 (full 0):
 garbage-first heap   total 75776K, used 60794K [0x00000000c1e00000, 0x0000000100000000)
  region size 1024K, 35 young (35840K), 4 survivors (4096K)
 Metaspace       used 58967K, committed 59392K, reserved 1105920K
  class space    used 8373K, committed 8576K, reserved 1048576K
}
Event: 22.730 GC heap after
{Heap after GC invocations=22 (full 0):
 garbage-first heap   total 75776K, used 30121K [0x00000000c1e00000, 0x0000000100000000)
  region size 1024K, 3 young (3072K), 3 survivors (3072K)
 Metaspace       used 58967K, committed 59392K, reserved 1105920K
  class space    used 8373K, committed 8576K, reserved 1048576K
}
Event: 22.872 GC heap before
{Heap before GC invocations=22 (full 0):
 garbage-first heap   total 75776K, used 36265K [0x00000000c1e00000, 0x0000000100000000)
  region size 1024K, 10 young (10240K), 3 survivors (3072K)
 Metaspace       used 59822K, committed 60160K, reserved 1105920K
  class space    used 8468K, committed 8640K, reserved 1048576K
}
Event: 22.877 GC heap after
{Heap after GC invocations=23 (full 0):
 garbage-first heap   total 75776K, used 30726K [0x00000000c1e00000, 0x0000000100000000)
  region size 1024K, 2 young (2048K), 2 survivors (2048K)
 Metaspace       used 59822K, committed 60160K, reserved 1105920K
  class space    used 8468K, committed 8640K, reserved 1048576K
}
Event: 23.646 GC heap before
{Heap before GC invocations=24 (full 0):
 garbage-first heap   total 75776K, used 61446K [0x00000000c1e00000, 0x0000000100000000)
  region size 1024K, 32 young (32768K), 2 survivors (2048K)
 Metaspace       used 61771K, committed 62144K, reserved 1105920K
  class space    used 8743K, committed 8896K, reserved 1048576K
}
Event: 23.656 GC heap after
{Heap after GC invocations=25 (full 0):
 garbage-first heap   total 75776K, used 35560K [0x00000000c1e00000, 0x0000000100000000)
  region size 1024K, 4 young (4096K), 4 survivors (4096K)
 Metaspace       used 61771K, committed 62144K, reserved 1105920K
  class space    used 8743K, committed 8896K, reserved 1048576K
}
Event: 23.828 GC heap before
{Heap before GC invocations=25 (full 0):
 garbage-first heap   total 75776K, used 59112K [0x00000000c1e00000, 0x0000000100000000)
  region size 1024K, 28 young (28672K), 4 survivors (4096K)
 Metaspace       used 61833K, committed 62272K, reserved 1105920K
  class space    used 8752K, committed 8960K, reserved 1048576K
}

